<?xml version="1.0" encoding="UTF-8"?>
<!-- Generated by org.testng.reporters.JUnitReportReporter -->
<testsuite skipped="0" hostname="DESKTOP-8OBLECF" name="com.learnautomation.testcases.CreateUser" tests="1" failures="0" timestamp="2020-06-27T08:19:30 IST" time="17.001" errors="0">
  <testcase name="createUser" time="17.001" classname="com.learnautomation.testcases.CreateUser"/>
</testsuite> <!-- com.learnautomation.testcases.CreateUser -->
