<?xml version="1.0" encoding="UTF-8"?>
<!-- Generated by org.testng.reporters.JUnitReportReporter -->
<testsuite skipped="0" hostname="DESKTOP-8OBLECF" name="com.learnautomation.unitTest.TestHelperLib" tests="1" failures="0" timestamp="21 Jun 2020 03:03:37 GMT" time="0.105" errors="0">
  <testcase name="testDates" time="0.105" classname="com.learnautomation.unitTest.TestHelperLib"/>
</testsuite> <!-- com.learnautomation.unitTest.TestHelperLib -->
