<?xml version="1.0" encoding="UTF-8"?>
<!-- Generated by org.testng.reporters.JUnitReportReporter -->
<testsuite skipped="0" hostname="DESKTOP-8OBLECF" name="com.learnautomation.testcases.LoginTest" tests="2" failures="0" timestamp="2020-06-27T00:06:34 IST" time="14.035" errors="0">
  <testcase name="loginWithAdmin" time="10.071" classname="com.learnautomation.testcases.LoginTest"/>
  <testcase name="logout" time="3.964" classname="com.learnautomation.testcases.LoginTest"/>
</testsuite> <!-- com.learnautomation.testcases.LoginTest -->
