<?xml version="1.0" encoding="UTF-8"?>
<!-- Generated by org.testng.reporters.JUnitReportReporter -->
<testsuite skipped="0" hostname="DESKTOP-8OBLECF" name="com.learnautomation.testcases.BrowserStackTest" tests="1" failures="0" timestamp="2020-07-04T23:23:01 IST" time="25.710" errors="0">
  <testcase name="test1" time="25.710" classname="com.learnautomation.testcases.BrowserStackTest"/>
</testsuite> <!-- com.learnautomation.testcases.BrowserStackTest -->
