<?xml version="1.0" encoding="UTF-8"?>
<!-- Generated by org.testng.reporters.JUnitReportReporter -->
<testsuite skipped="0" hostname="DESKTOP-8OBLECF" name="com.learnautomation.unitTest.TestDataProvider" tests="2" failures="0" timestamp="21 Jun 2020 02:33:13 GMT" time="1.377" errors="0">
  <testcase name="testExcel" time="1.348" classname="com.learnautomation.unitTest.TestDataProvider"/>
  <testcase name="testConfig" time="0.029" classname="com.learnautomation.unitTest.TestDataProvider"/>
</testsuite> <!-- com.learnautomation.unitTest.TestDataProvider -->
