<?xml version="1.0" encoding="UTF-8"?>
<!-- Generated by org.testng.reporters.JUnitReportReporter -->
<testsuite skipped="0" hostname="DESKTOP-8OBLECF" name="com.learnautomation.unitTest.Test2" tests="1" failures="0" timestamp="2020-06-26T23:44:50 IST" time="0.002" errors="0">
  <testcase name="t2" time="0.002" classname="com.learnautomation.unitTest.Test2"/>
</testsuite> <!-- com.learnautomation.unitTest.Test2 -->
