<?xml version="1.0" encoding="UTF-8"?>
<!-- Generated by org.testng.reporters.JUnitReportReporter -->
<testsuite skipped="0" hostname="DESKTOP-8OBLECF" name="com.learnautomation.testcases.LoginTest" tests="2" failures="0" timestamp="21 Jun 2020 03:25:32 GMT" time="13.555" errors="0">
  <testcase name="loginWithAdmin" time="8.999" classname="com.learnautomation.testcases.LoginTest"/>
  <testcase name="logout" time="4.556" classname="com.learnautomation.testcases.LoginTest"/>
</testsuite> <!-- com.learnautomation.testcases.LoginTest -->
